2003.03.18 12:02 B C:\My Downloads\IV Help Desk\iv-helpdesk22\adminsurvey.php --> www.exactasphere.com /var/www/html/helpdesk adminsurvey.php
2003.03.18 12:02 B C:\My Downloads\IV Help Desk\iv-helpdesk22\adminticket.php --> www.exactasphere.com /var/www/html/helpdesk adminticket.php
2003.03.18 12:02 B C:\My Downloads\IV Help Desk\iv-helpdesk22\adminview.php --> www.exactasphere.com /var/www/html/helpdesk adminview.php
2003.03.18 12:02 B C:\My Downloads\IV Help Desk\iv-helpdesk22\attach.gif --> www.exactasphere.com /var/www/html/helpdesk attach.gif
2003.03.18 12:02 B C:\My Downloads\IV Help Desk\iv-helpdesk22\attachment.php --> www.exactasphere.com /var/www/html/helpdesk attachment.php
2003.03.18 12:02 B C:\My Downloads\IV Help Desk\iv-helpdesk22\backup.php --> www.exactasphere.com /var/www/html/helpdesk backup.php
2003.03.18 12:02 B C:\My Downloads\IV Help Desk\iv-helpdesk22\blank.gif --> www.exactasphere.com /var/www/html/helpdesk blank.gif
2003.03.18 12:02 B C:\My Downloads\IV Help Desk\iv-helpdesk22\browse.php --> www.exactasphere.com /var/www/html/helpdesk browse.php
2003.03.18 12:02 B C:\My Downloads\IV Help Desk\iv-helpdesk22\browse_closed.gif --> www.exactasphere.com /var/www/html/helpdesk browse_closed.gif
2003.03.18 12:02 B C:\My Downloads\IV Help Desk\iv-helpdesk22\browse_flag.gif --> www.exactasphere.com /var/www/html/helpdesk browse_flag.gif
2003.03.18 12:02 B C:\My Downloads\IV Help Desk\iv-helpdesk22\browse_newreply.gif --> www.exactasphere.com /var/www/html/helpdesk browse_newreply.gif
2003.03.18 12:02 B C:\My Downloads\IV Help Desk\iv-helpdesk22\browse_newticket.gif --> www.exactasphere.com /var/www/html/helpdesk browse_newticket.gif
2003.03.18 12:02 B C:\My Downloads\IV Help Desk\iv-helpdesk22\browse_nonew.gif --> www.exactasphere.com /var/www/html/helpdesk browse_nonew.gif
2003.03.18 12:02 B C:\My Downloads\IV Help Desk\iv-helpdesk22\browse_private.gif --> www.exactasphere.com /var/www/html/helpdesk browse_private.gif
2003.03.18 12:02 B C:\My Downloads\IV Help Desk\iv-helpdesk22\CHANGELOG --> www.exactasphere.com /var/www/html/helpdesk CHANGELOG
2003.03.18 12:02 B C:\My Downloads\IV Help Desk\iv-helpdesk22\department.php --> www.exactasphere.com /var/www/html/helpdesk department.php
2003.03.18 12:02 B C:\My Downloads\IV Help Desk\iv-helpdesk22\edit.gif --> www.exactasphere.com /var/www/html/helpdesk edit.gif
2003.03.18 12:02 B C:\My Downloads\IV Help Desk\iv-helpdesk22\email-forward.php --> www.exactasphere.com /var/www/html/helpdesk email-forward.php
2003.03.18 12:02 B C:\My Downloads\IV Help Desk\iv-helpdesk22\email-parse.php --> www.exactasphere.com /var/www/html/helpdesk email-parse.php
2003.03.18 12:02 B C:\My Downloads\IV Help Desk\iv-helpdesk22\email-pop.php --> www.exactasphere.com /var/www/html/helpdesk email-pop.php
2003.03.18 12:02 B C:\My Downloads\IV Help Desk\iv-helpdesk22\email.php --> www.exactasphere.com /var/www/html/helpdesk email.php
2003.03.18 12:02 B C:\My Downloads\IV Help Desk\iv-helpdesk22\emails.php --> www.exactasphere.com /var/www/html/helpdesk emails.php
2003.03.18 12:02 B C:\My Downloads\IV Help Desk\iv-helpdesk22\faq.php --> www.exactasphere.com /var/www/html/helpdesk faq.php
2003.03.18 12:02 B C:\My Downloads\IV Help Desk\iv-helpdesk22\faqadmin.php --> www.exactasphere.com /var/www/html/helpdesk faqadmin.php
2003.03.18 12:02 B C:\My Downloads\IV Help Desk\iv-helpdesk22\footer.php --> www.exactasphere.com /var/www/html/helpdesk footer.php
2003.03.18 12:03 B C:\My Downloads\IV Help Desk\iv-helpdesk22\form.php --> www.exactasphere.com /var/www/html/helpdesk form.php
2003.03.18 12:03 B C:\My Downloads\IV Help Desk\iv-helpdesk22\general.php --> www.exactasphere.com /var/www/html/helpdesk general.php
2003.03.18 12:03 B C:\My Downloads\IV Help Desk\iv-helpdesk22\header.php --> www.exactasphere.com /var/www/html/helpdesk header.php
2003.03.18 12:03 B C:\My Downloads\IV Help Desk\iv-helpdesk22\histobar.gif --> www.exactasphere.com /var/www/html/helpdesk histobar.gif
2003.03.18 12:03 B C:\My Downloads\IV Help Desk\iv-helpdesk22\histoclose.gif --> www.exactasphere.com /var/www/html/helpdesk histoclose.gif
2003.03.18 12:03 B C:\My Downloads\IV Help Desk\iv-helpdesk22\include.php --> www.exactasphere.com /var/www/html/helpdesk include.php
2003.03.18 12:03 B C:\My Downloads\IV Help Desk\iv-helpdesk22\index.php --> www.exactasphere.com /var/www/html/helpdesk index.php
2003.03.18 12:03 B C:\My Downloads\IV Help Desk\iv-helpdesk22\info.gif --> www.exactasphere.com /var/www/html/helpdesk info.gif
2003.03.18 12:03 B C:\My Downloads\IV Help Desk\iv-helpdesk22\language.php --> www.exactasphere.com /var/www/html/helpdesk language.php
2003.03.18 12:03 B C:\My Downloads\IV Help Desk\iv-helpdesk22\leftuptransparent.gif --> www.exactasphere.com /var/www/html/helpdesk leftuptransparent.gif
2003.03.18 12:03 B C:\My Downloads\IV Help Desk\iv-helpdesk22\login.php --> www.exactasphere.com /var/www/html/helpdesk login.php
2003.03.18 12:03 B C:\My Downloads\IV Help Desk\iv-helpdesk22\logo.gif --> www.exactasphere.com /var/www/html/helpdesk logo.gif
2003.03.18 12:03 B C:\My Downloads\IV Help Desk\iv-helpdesk22\MANUAL.html --> www.exactasphere.com /var/www/html/helpdesk MANUAL.html
2003.03.18 12:03 B C:\My Downloads\IV Help Desk\iv-helpdesk22\manual.php --> www.exactasphere.com /var/www/html/helpdesk manual.php
2003.03.18 12:03 B C:\My Downloads\IV Help Desk\iv-helpdesk22\massreply.php --> www.exactasphere.com /var/www/html/helpdesk massreply.php
2003.03.18 12:03 B C:\My Downloads\IV Help Desk\iv-helpdesk22\messages.php --> www.exactasphere.com /var/www/html/helpdesk messages.php
2003.03.18 12:03 B C:\My Downloads\IV Help Desk\iv-helpdesk22\mimedecode.php --> www.exactasphere.com /var/www/html/helpdesk mimedecode.php
2003.03.18 12:03 B C:\My Downloads\IV Help Desk\iv-helpdesk22\no.gif --> www.exactasphere.com /var/www/html/helpdesk no.gif
2003.03.18 12:03 B C:\My Downloads\IV Help Desk\iv-helpdesk22\popwrapper.php --> www.exactasphere.com /var/www/html/helpdesk popwrapper.php
2003.03.18 12:03 B C:\My Downloads\IV Help Desk\iv-helpdesk22\print.gif --> www.exactasphere.com /var/www/html/helpdesk print.gif
2003.03.18 12:03 B C:\My Downloads\IV Help Desk\iv-helpdesk22\printable.php --> www.exactasphere.com /var/www/html/helpdesk printable.php
2003.03.18 12:03 B C:\My Downloads\IV Help Desk\iv-helpdesk22\process.gif --> www.exactasphere.com /var/www/html/helpdesk process.gif
2003.03.18 12:03 B C:\My Downloads\IV Help Desk\iv-helpdesk22\profile.php --> www.exactasphere.com /var/www/html/helpdesk profile.php
2003.03.18 12:03 B C:\My Downloads\IV Help Desk\iv-helpdesk22\replies.php --> www.exactasphere.com /var/www/html/helpdesk replies.php
2003.03.18 12:03 B C:\My Downloads\IV Help Desk\iv-helpdesk22\repliesview.php --> www.exactasphere.com /var/www/html/helpdesk repliesview.php
2003.03.18 12:03 B C:\My Downloads\IV Help Desk\iv-helpdesk22\rightuptransparent.gif --> www.exactasphere.com /var/www/html/helpdesk rightuptransparent.gif
2003.03.18 12:03 B C:\My Downloads\IV Help Desk\iv-helpdesk22\settings.php --> www.exactasphere.com /var/www/html/helpdesk settings.php
2003.03.18 12:03 B C:\My Downloads\IV Help Desk\iv-helpdesk22\setup.php --> www.exactasphere.com /var/www/html/helpdesk setup.php
2003.03.18 12:03 B C:\My Downloads\IV Help Desk\iv-helpdesk22\stats.php --> www.exactasphere.com /var/www/html/helpdesk stats.php
2003.03.18 12:03 B C:\My Downloads\IV Help Desk\iv-helpdesk22\survey.php --> www.exactasphere.com /var/www/html/helpdesk survey.php
2003.03.18 12:03 B C:\My Downloads\IV Help Desk\iv-helpdesk22\template.gif --> www.exactasphere.com /var/www/html/helpdesk template.gif
2003.03.18 12:03 B C:\My Downloads\IV Help Desk\iv-helpdesk22\ticket.php --> www.exactasphere.com /var/www/html/helpdesk ticket.php
2003.03.18 12:03 B C:\My Downloads\IV Help Desk\iv-helpdesk22\tickettags.php --> www.exactasphere.com /var/www/html/helpdesk tickettags.php
2003.03.18 12:03 B C:\My Downloads\IV Help Desk\iv-helpdesk22\ticketview.php --> www.exactasphere.com /var/www/html/helpdesk ticketview.php
2003.03.18 12:03 B C:\My Downloads\IV Help Desk\iv-helpdesk22\trash.gif --> www.exactasphere.com /var/www/html/helpdesk trash.gif
2003.03.18 12:03 B C:\My Downloads\IV Help Desk\iv-helpdesk22\upgrade.php --> www.exactasphere.com /var/www/html/helpdesk upgrade.php
2003.03.18 12:03 B C:\My Downloads\IV Help Desk\iv-helpdesk22\user.php --> www.exactasphere.com /var/www/html/helpdesk user.php
2003.04.23 13:30 B C:\My Downloads\IV Help Desk\iv-helpdesk22\adminsurvey.php --> www.exactasphere.com /home/sam/My Downloads/IV Help Desk/iv-helpdesk22 adminsurvey.php
2003.04.23 13:30 B C:\My Downloads\IV Help Desk\iv-helpdesk22\adminticket.php --> www.exactasphere.com /home/sam/My Downloads/IV Help Desk/iv-helpdesk22 adminticket.php
2003.04.23 13:30 B C:\My Downloads\IV Help Desk\iv-helpdesk22\adminview.php --> www.exactasphere.com /home/sam/My Downloads/IV Help Desk/iv-helpdesk22 adminview.php
2003.04.23 13:30 B C:\My Downloads\IV Help Desk\iv-helpdesk22\attach.gif --> www.exactasphere.com /home/sam/My Downloads/IV Help Desk/iv-helpdesk22 attach.gif
2003.04.23 13:30 B C:\My Downloads\IV Help Desk\iv-helpdesk22\attachment.php --> www.exactasphere.com /home/sam/My Downloads/IV Help Desk/iv-helpdesk22 attachment.php
2003.04.23 13:30 B C:\My Downloads\IV Help Desk\iv-helpdesk22\backup.php --> www.exactasphere.com /home/sam/My Downloads/IV Help Desk/iv-helpdesk22 backup.php
2003.04.23 13:30 B C:\My Downloads\IV Help Desk\iv-helpdesk22\blank.gif --> www.exactasphere.com /home/sam/My Downloads/IV Help Desk/iv-helpdesk22 blank.gif
2003.04.23 13:30 B C:\My Downloads\IV Help Desk\iv-helpdesk22\browse.php --> www.exactasphere.com /home/sam/My Downloads/IV Help Desk/iv-helpdesk22 browse.php
2003.04.23 13:30 B C:\My Downloads\IV Help Desk\iv-helpdesk22\browse_closed.gif --> www.exactasphere.com /home/sam/My Downloads/IV Help Desk/iv-helpdesk22 browse_closed.gif
2003.04.23 13:30 B C:\My Downloads\IV Help Desk\iv-helpdesk22\browse_flag.gif --> www.exactasphere.com /home/sam/My Downloads/IV Help Desk/iv-helpdesk22 browse_flag.gif
2003.04.23 13:30 B C:\My Downloads\IV Help Desk\iv-helpdesk22\browse_newreply.gif --> www.exactasphere.com /home/sam/My Downloads/IV Help Desk/iv-helpdesk22 browse_newreply.gif
2003.04.23 13:30 B C:\My Downloads\IV Help Desk\iv-helpdesk22\browse_newticket.gif --> www.exactasphere.com /home/sam/My Downloads/IV Help Desk/iv-helpdesk22 browse_newticket.gif
2003.04.23 13:30 B C:\My Downloads\IV Help Desk\iv-helpdesk22\browse_nonew.gif --> www.exactasphere.com /home/sam/My Downloads/IV Help Desk/iv-helpdesk22 browse_nonew.gif
2003.04.23 13:30 B C:\My Downloads\IV Help Desk\iv-helpdesk22\browse_private.gif --> www.exactasphere.com /home/sam/My Downloads/IV Help Desk/iv-helpdesk22 browse_private.gif
2003.04.23 13:30 B C:\My Downloads\IV Help Desk\iv-helpdesk22\CHANGELOG --> www.exactasphere.com /home/sam/My Downloads/IV Help Desk/iv-helpdesk22 CHANGELOG
2003.04.23 13:30 B C:\My Downloads\IV Help Desk\iv-helpdesk22\department.php --> www.exactasphere.com /home/sam/My Downloads/IV Help Desk/iv-helpdesk22 department.php
2003.04.23 13:30 B C:\My Downloads\IV Help Desk\iv-helpdesk22\edit.gif --> www.exactasphere.com /home/sam/My Downloads/IV Help Desk/iv-helpdesk22 edit.gif
2003.04.23 13:30 B C:\My Downloads\IV Help Desk\iv-helpdesk22\email-forward.php --> www.exactasphere.com /home/sam/My Downloads/IV Help Desk/iv-helpdesk22 email-forward.php
2003.04.23 13:30 B C:\My Downloads\IV Help Desk\iv-helpdesk22\email-parse.php --> www.exactasphere.com /home/sam/My Downloads/IV Help Desk/iv-helpdesk22 email-parse.php
2003.04.23 13:30 B C:\My Downloads\IV Help Desk\iv-helpdesk22\email-pop.php --> www.exactasphere.com /home/sam/My Downloads/IV Help Desk/iv-helpdesk22 email-pop.php
2003.04.23 13:30 B C:\My Downloads\IV Help Desk\iv-helpdesk22\email.php --> www.exactasphere.com /home/sam/My Downloads/IV Help Desk/iv-helpdesk22 email.php
2003.04.23 13:30 B C:\My Downloads\IV Help Desk\iv-helpdesk22\emails.php --> www.exactasphere.com /home/sam/My Downloads/IV Help Desk/iv-helpdesk22 emails.php
2003.04.23 13:30 B C:\My Downloads\IV Help Desk\iv-helpdesk22\faq.php --> www.exactasphere.com /home/sam/My Downloads/IV Help Desk/iv-helpdesk22 faq.php
2003.04.23 13:30 B C:\My Downloads\IV Help Desk\iv-helpdesk22\faqadmin.php --> www.exactasphere.com /home/sam/My Downloads/IV Help Desk/iv-helpdesk22 faqadmin.php
2003.04.23 13:30 B C:\My Downloads\IV Help Desk\iv-helpdesk22\footer.php --> www.exactasphere.com /home/sam/My Downloads/IV Help Desk/iv-helpdesk22 footer.php
2003.04.23 13:30 B C:\My Downloads\IV Help Desk\iv-helpdesk22\form.php --> www.exactasphere.com /home/sam/My Downloads/IV Help Desk/iv-helpdesk22 form.php
2003.04.23 13:30 B C:\My Downloads\IV Help Desk\iv-helpdesk22\general.php --> www.exactasphere.com /home/sam/My Downloads/IV Help Desk/iv-helpdesk22 general.php
2003.04.23 13:30 B C:\My Downloads\IV Help Desk\iv-helpdesk22\header.php --> www.exactasphere.com /home/sam/My Downloads/IV Help Desk/iv-helpdesk22 header.php
2003.04.23 13:30 B C:\My Downloads\IV Help Desk\iv-helpdesk22\histobar.gif --> www.exactasphere.com /home/sam/My Downloads/IV Help Desk/iv-helpdesk22 histobar.gif
2003.04.23 13:30 B C:\My Downloads\IV Help Desk\iv-helpdesk22\histoclose.gif --> www.exactasphere.com /home/sam/My Downloads/IV Help Desk/iv-helpdesk22 histoclose.gif
2003.04.23 13:30 B C:\My Downloads\IV Help Desk\iv-helpdesk22\include.php --> www.exactasphere.com /home/sam/My Downloads/IV Help Desk/iv-helpdesk22 include.php
2003.04.23 13:30 B C:\My Downloads\IV Help Desk\iv-helpdesk22\index.php --> www.exactasphere.com /home/sam/My Downloads/IV Help Desk/iv-helpdesk22 index.php
2003.04.23 13:30 B C:\My Downloads\IV Help Desk\iv-helpdesk22\info.gif --> www.exactasphere.com /home/sam/My Downloads/IV Help Desk/iv-helpdesk22 info.gif
2003.04.23 13:30 B C:\My Downloads\IV Help Desk\iv-helpdesk22\language.php --> www.exactasphere.com /home/sam/My Downloads/IV Help Desk/iv-helpdesk22 language.php
2003.04.23 13:30 B C:\My Downloads\IV Help Desk\iv-helpdesk22\leftuptransparent.gif --> www.exactasphere.com /home/sam/My Downloads/IV Help Desk/iv-helpdesk22 leftuptransparent.gif
2003.04.23 13:30 B C:\My Downloads\IV Help Desk\iv-helpdesk22\login.php --> www.exactasphere.com /home/sam/My Downloads/IV Help Desk/iv-helpdesk22 login.php
2003.04.23 13:30 B C:\My Downloads\IV Help Desk\iv-helpdesk22\logo.gif --> www.exactasphere.com /home/sam/My Downloads/IV Help Desk/iv-helpdesk22 logo.gif
2003.04.23 13:30 B C:\My Downloads\IV Help Desk\iv-helpdesk22\MANUAL.html --> www.exactasphere.com /home/sam/My Downloads/IV Help Desk/iv-helpdesk22 MANUAL.html
2003.04.23 13:30 B C:\My Downloads\IV Help Desk\iv-helpdesk22\manual.php --> www.exactasphere.com /home/sam/My Downloads/IV Help Desk/iv-helpdesk22 manual.php
2003.04.23 13:30 B C:\My Downloads\IV Help Desk\iv-helpdesk22\massreply.php --> www.exactasphere.com /home/sam/My Downloads/IV Help Desk/iv-helpdesk22 massreply.php
2003.04.23 13:30 B C:\My Downloads\IV Help Desk\iv-helpdesk22\messages.php --> www.exactasphere.com /home/sam/My Downloads/IV Help Desk/iv-helpdesk22 messages.php
2003.04.23 13:30 B C:\My Downloads\IV Help Desk\iv-helpdesk22\mimedecode.php --> www.exactasphere.com /home/sam/My Downloads/IV Help Desk/iv-helpdesk22 mimedecode.php
2003.04.23 13:30 B C:\My Downloads\IV Help Desk\iv-helpdesk22\no.gif --> www.exactasphere.com /home/sam/My Downloads/IV Help Desk/iv-helpdesk22 no.gif
2003.04.23 13:30 B C:\My Downloads\IV Help Desk\iv-helpdesk22\popwrapper.php --> www.exactasphere.com /home/sam/My Downloads/IV Help Desk/iv-helpdesk22 popwrapper.php
2003.04.23 13:30 B C:\My Downloads\IV Help Desk\iv-helpdesk22\print.gif --> www.exactasphere.com /home/sam/My Downloads/IV Help Desk/iv-helpdesk22 print.gif
2003.04.23 13:30 B C:\My Downloads\IV Help Desk\iv-helpdesk22\printable.php --> www.exactasphere.com /home/sam/My Downloads/IV Help Desk/iv-helpdesk22 printable.php
2003.04.23 13:30 B C:\My Downloads\IV Help Desk\iv-helpdesk22\process.gif --> www.exactasphere.com /home/sam/My Downloads/IV Help Desk/iv-helpdesk22 process.gif
2003.04.23 13:30 B C:\My Downloads\IV Help Desk\iv-helpdesk22\profile.php --> www.exactasphere.com /home/sam/My Downloads/IV Help Desk/iv-helpdesk22 profile.php
2003.04.23 13:30 B C:\My Downloads\IV Help Desk\iv-helpdesk22\replies.php --> www.exactasphere.com /home/sam/My Downloads/IV Help Desk/iv-helpdesk22 replies.php
2003.04.23 13:30 B C:\My Downloads\IV Help Desk\iv-helpdesk22\repliesview.php --> www.exactasphere.com /home/sam/My Downloads/IV Help Desk/iv-helpdesk22 repliesview.php
2003.04.23 13:30 B C:\My Downloads\IV Help Desk\iv-helpdesk22\rightuptransparent.gif --> www.exactasphere.com /home/sam/My Downloads/IV Help Desk/iv-helpdesk22 rightuptransparent.gif
2003.04.23 13:30 B C:\My Downloads\IV Help Desk\iv-helpdesk22\settings.php --> www.exactasphere.com /home/sam/My Downloads/IV Help Desk/iv-helpdesk22 settings.php
2003.04.23 13:30 B C:\My Downloads\IV Help Desk\iv-helpdesk22\setup.php --> www.exactasphere.com /home/sam/My Downloads/IV Help Desk/iv-helpdesk22 setup.php
2003.04.23 13:30 B C:\My Downloads\IV Help Desk\iv-helpdesk22\stats.php --> www.exactasphere.com /home/sam/My Downloads/IV Help Desk/iv-helpdesk22 stats.php
2003.04.23 13:30 B C:\My Downloads\IV Help Desk\iv-helpdesk22\survey.php --> www.exactasphere.com /home/sam/My Downloads/IV Help Desk/iv-helpdesk22 survey.php
2003.04.23 13:30 B C:\My Downloads\IV Help Desk\iv-helpdesk22\template.gif --> www.exactasphere.com /home/sam/My Downloads/IV Help Desk/iv-helpdesk22 template.gif
2003.04.23 13:30 B C:\My Downloads\IV Help Desk\iv-helpdesk22\ticket.php --> www.exactasphere.com /home/sam/My Downloads/IV Help Desk/iv-helpdesk22 ticket.php
2003.04.23 13:30 B C:\My Downloads\IV Help Desk\iv-helpdesk22\tickettags.php --> www.exactasphere.com /home/sam/My Downloads/IV Help Desk/iv-helpdesk22 tickettags.php
2003.04.23 13:30 B C:\My Downloads\IV Help Desk\iv-helpdesk22\ticketview.php --> www.exactasphere.com /home/sam/My Downloads/IV Help Desk/iv-helpdesk22 ticketview.php
2003.04.23 13:30 B C:\My Downloads\IV Help Desk\iv-helpdesk22\trash.gif --> www.exactasphere.com /home/sam/My Downloads/IV Help Desk/iv-helpdesk22 trash.gif
2003.04.23 13:30 B C:\My Downloads\IV Help Desk\iv-helpdesk22\upgrade.php --> www.exactasphere.com /home/sam/My Downloads/IV Help Desk/iv-helpdesk22 upgrade.php
2003.04.23 13:30 B C:\My Downloads\IV Help Desk\iv-helpdesk22\user.php --> www.exactasphere.com /home/sam/My Downloads/IV Help Desk/iv-helpdesk22 user.php
2003.04.23 13:30 B C:\My Downloads\IV Help Desk\iv-helpdesk22\WS_FTP.LOG --> www.exactasphere.com /home/sam/My Downloads/IV Help Desk/iv-helpdesk22 WS_FTP.LOG
2004.06.15 10:48 B C:\Documents and Settings\Sam\My Documents\Sites\West Branch Resort\corperate\adminsurvey.php --> www.westbranchresort.com /var/www/html/corperate adminsurvey.php
2004.06.15 10:48 B C:\Documents and Settings\Sam\My Documents\Sites\West Branch Resort\corperate\adminticket.php --> www.westbranchresort.com /var/www/html/corperate adminticket.php
2004.06.15 10:48 B C:\Documents and Settings\Sam\My Documents\Sites\West Branch Resort\corperate\adminview.php --> www.westbranchresort.com /var/www/html/corperate adminview.php
2004.06.15 10:48 B C:\Documents and Settings\Sam\My Documents\Sites\West Branch Resort\corperate\attach.gif --> www.westbranchresort.com /var/www/html/corperate attach.gif
2004.06.15 10:48 B C:\Documents and Settings\Sam\My Documents\Sites\West Branch Resort\corperate\attachment.php --> www.westbranchresort.com /var/www/html/corperate attachment.php
2004.06.15 10:48 B C:\Documents and Settings\Sam\My Documents\Sites\West Branch Resort\corperate\backup.php --> www.westbranchresort.com /var/www/html/corperate backup.php
2004.06.15 10:48 B C:\Documents and Settings\Sam\My Documents\Sites\West Branch Resort\corperate\blank.gif --> www.westbranchresort.com /var/www/html/corperate blank.gif
2004.06.15 10:48 B C:\Documents and Settings\Sam\My Documents\Sites\West Branch Resort\corperate\browse.php --> www.westbranchresort.com /var/www/html/corperate browse.php
2004.06.15 10:49 B C:\Documents and Settings\Sam\My Documents\Sites\West Branch Resort\corperate\browse_closed.gif --> www.westbranchresort.com /var/www/html/corperate browse_closed.gif
2004.06.15 10:49 B C:\Documents and Settings\Sam\My Documents\Sites\West Branch Resort\corperate\browse_flag.gif --> www.westbranchresort.com /var/www/html/corperate browse_flag.gif
2004.06.15 10:49 B C:\Documents and Settings\Sam\My Documents\Sites\West Branch Resort\corperate\browse_newreply.gif --> www.westbranchresort.com /var/www/html/corperate browse_newreply.gif
2004.06.15 10:49 B C:\Documents and Settings\Sam\My Documents\Sites\West Branch Resort\corperate\browse_newticket.gif --> www.westbranchresort.com /var/www/html/corperate browse_newticket.gif
2004.06.15 10:49 B C:\Documents and Settings\Sam\My Documents\Sites\West Branch Resort\corperate\browse_nonew.gif --> www.westbranchresort.com /var/www/html/corperate browse_nonew.gif
2004.06.15 10:49 B C:\Documents and Settings\Sam\My Documents\Sites\West Branch Resort\corperate\browse_private.gif --> www.westbranchresort.com /var/www/html/corperate browse_private.gif
2004.06.15 10:49 B C:\Documents and Settings\Sam\My Documents\Sites\West Branch Resort\corperate\CHANGELOG --> www.westbranchresort.com /var/www/html/corperate CHANGELOG
2004.06.15 10:49 B C:\Documents and Settings\Sam\My Documents\Sites\West Branch Resort\corperate\department.php --> www.westbranchresort.com /var/www/html/corperate department.php
2004.06.15 10:49 B C:\Documents and Settings\Sam\My Documents\Sites\West Branch Resort\corperate\edit.gif --> www.westbranchresort.com /var/www/html/corperate edit.gif
2004.06.15 10:49 B C:\Documents and Settings\Sam\My Documents\Sites\West Branch Resort\corperate\email-forward.php --> www.westbranchresort.com /var/www/html/corperate email-forward.php
2004.06.15 10:49 B C:\Documents and Settings\Sam\My Documents\Sites\West Branch Resort\corperate\email-parse.php --> www.westbranchresort.com /var/www/html/corperate email-parse.php
2004.06.15 10:49 B C:\Documents and Settings\Sam\My Documents\Sites\West Branch Resort\corperate\email-pop.php --> www.westbranchresort.com /var/www/html/corperate email-pop.php
2004.06.15 10:49 B C:\Documents and Settings\Sam\My Documents\Sites\West Branch Resort\corperate\email.php --> www.westbranchresort.com /var/www/html/corperate email.php
2004.06.15 10:49 B C:\Documents and Settings\Sam\My Documents\Sites\West Branch Resort\corperate\emails.php --> www.westbranchresort.com /var/www/html/corperate emails.php
2004.06.15 10:49 B C:\Documents and Settings\Sam\My Documents\Sites\West Branch Resort\corperate\faq.php --> www.westbranchresort.com /var/www/html/corperate faq.php
2004.06.15 10:50 B C:\Documents and Settings\Sam\My Documents\Sites\West Branch Resort\corperate\faqadmin.php --> www.westbranchresort.com /var/www/html/corperate faqadmin.php
2004.06.15 10:50 B C:\Documents and Settings\Sam\My Documents\Sites\West Branch Resort\corperate\footer.php --> www.westbranchresort.com /var/www/html/corperate footer.php
2004.06.15 10:50 B C:\Documents and Settings\Sam\My Documents\Sites\West Branch Resort\corperate\form.php --> www.westbranchresort.com /var/www/html/corperate form.php
2004.06.15 10:50 B C:\Documents and Settings\Sam\My Documents\Sites\West Branch Resort\corperate\general.php --> www.westbranchresort.com /var/www/html/corperate general.php
2004.06.15 10:50 B C:\Documents and Settings\Sam\My Documents\Sites\West Branch Resort\corperate\header.php --> www.westbranchresort.com /var/www/html/corperate header.php
2004.06.15 10:50 B C:\Documents and Settings\Sam\My Documents\Sites\West Branch Resort\corperate\histobar.gif --> www.westbranchresort.com /var/www/html/corperate histobar.gif
2004.06.15 10:50 B C:\Documents and Settings\Sam\My Documents\Sites\West Branch Resort\corperate\histoclose.gif --> www.westbranchresort.com /var/www/html/corperate histoclose.gif
2004.06.15 10:50 B C:\Documents and Settings\Sam\My Documents\Sites\West Branch Resort\corperate\include.php --> www.westbranchresort.com /var/www/html/corperate include.php
2004.06.15 10:51 B C:\Documents and Settings\Sam\My Documents\Sites\West Branch Resort\corperate\index.php --> www.westbranchresort.com /var/www/html/corperate index.php
2004.06.15 10:51 B C:\Documents and Settings\Sam\My Documents\Sites\West Branch Resort\corperate\info.gif --> www.westbranchresort.com /var/www/html/corperate info.gif
2004.06.15 10:51 B C:\Documents and Settings\Sam\My Documents\Sites\West Branch Resort\corperate\language.php --> www.westbranchresort.com /var/www/html/corperate language.php
2004.06.15 10:51 B C:\Documents and Settings\Sam\My Documents\Sites\West Branch Resort\corperate\leftuptransparent.gif --> www.westbranchresort.com /var/www/html/corperate leftuptransparent.gif
2004.06.15 10:51 B C:\Documents and Settings\Sam\My Documents\Sites\West Branch Resort\corperate\login.php --> www.westbranchresort.com /var/www/html/corperate login.php
2004.06.15 10:51 B C:\Documents and Settings\Sam\My Documents\Sites\West Branch Resort\corperate\logo.gif --> www.westbranchresort.com /var/www/html/corperate logo.gif
2004.06.15 10:51 B C:\Documents and Settings\Sam\My Documents\Sites\West Branch Resort\corperate\MANUAL.html --> www.westbranchresort.com /var/www/html/corperate MANUAL.html
2004.06.15 10:51 B C:\Documents and Settings\Sam\My Documents\Sites\West Branch Resort\corperate\manual.php --> www.westbranchresort.com /var/www/html/corperate manual.php
2004.06.15 10:51 B C:\Documents and Settings\Sam\My Documents\Sites\West Branch Resort\corperate\massreply.php --> www.westbranchresort.com /var/www/html/corperate massreply.php
2004.06.15 10:51 B C:\Documents and Settings\Sam\My Documents\Sites\West Branch Resort\corperate\messages.php --> www.westbranchresort.com /var/www/html/corperate messages.php
2004.06.15 10:51 B C:\Documents and Settings\Sam\My Documents\Sites\West Branch Resort\corperate\mimedecode.php --> www.westbranchresort.com /var/www/html/corperate mimedecode.php
2004.06.15 10:51 B C:\Documents and Settings\Sam\My Documents\Sites\West Branch Resort\corperate\no.gif --> www.westbranchresort.com /var/www/html/corperate no.gif
2004.06.15 10:52 B C:\Documents and Settings\Sam\My Documents\Sites\West Branch Resort\corperate\popwrapper.php --> www.westbranchresort.com /var/www/html/corperate popwrapper.php
2004.06.15 10:52 B C:\Documents and Settings\Sam\My Documents\Sites\West Branch Resort\corperate\print.gif --> www.westbranchresort.com /var/www/html/corperate print.gif
2004.06.15 10:52 B C:\Documents and Settings\Sam\My Documents\Sites\West Branch Resort\corperate\printable.php --> www.westbranchresort.com /var/www/html/corperate printable.php
2004.06.15 10:52 B C:\Documents and Settings\Sam\My Documents\Sites\West Branch Resort\corperate\process.gif --> www.westbranchresort.com /var/www/html/corperate process.gif
2004.06.15 10:52 B C:\Documents and Settings\Sam\My Documents\Sites\West Branch Resort\corperate\profile.php --> www.westbranchresort.com /var/www/html/corperate profile.php
2004.06.15 10:52 B C:\Documents and Settings\Sam\My Documents\Sites\West Branch Resort\corperate\replies.php --> www.westbranchresort.com /var/www/html/corperate replies.php
2004.06.15 10:52 B C:\Documents and Settings\Sam\My Documents\Sites\West Branch Resort\corperate\repliesview.php --> www.westbranchresort.com /var/www/html/corperate repliesview.php
2004.06.15 10:52 B C:\Documents and Settings\Sam\My Documents\Sites\West Branch Resort\corperate\rightuptransparent.gif --> www.westbranchresort.com /var/www/html/corperate rightuptransparent.gif
2004.06.15 10:52 B C:\Documents and Settings\Sam\My Documents\Sites\West Branch Resort\corperate\settings.php --> www.westbranchresort.com /var/www/html/corperate settings.php
2004.06.15 10:53 B C:\Documents and Settings\Sam\My Documents\Sites\West Branch Resort\corperate\setup.php --> www.westbranchresort.com /var/www/html/corperate setup.php
2004.06.15 10:53 B C:\Documents and Settings\Sam\My Documents\Sites\West Branch Resort\corperate\stats.php --> www.westbranchresort.com /var/www/html/corperate stats.php
2004.06.15 10:53 B C:\Documents and Settings\Sam\My Documents\Sites\West Branch Resort\corperate\survey.php --> www.westbranchresort.com /var/www/html/corperate survey.php
2004.06.15 10:53 B C:\Documents and Settings\Sam\My Documents\Sites\West Branch Resort\corperate\template.gif --> www.westbranchresort.com /var/www/html/corperate template.gif
2004.06.15 10:53 B C:\Documents and Settings\Sam\My Documents\Sites\West Branch Resort\corperate\ticket.php --> www.westbranchresort.com /var/www/html/corperate ticket.php
2004.06.15 10:53 B C:\Documents and Settings\Sam\My Documents\Sites\West Branch Resort\corperate\tickettags.php --> www.westbranchresort.com /var/www/html/corperate tickettags.php
2004.06.15 10:53 B C:\Documents and Settings\Sam\My Documents\Sites\West Branch Resort\corperate\ticketview.php --> www.westbranchresort.com /var/www/html/corperate ticketview.php
2004.06.15 10:53 B C:\Documents and Settings\Sam\My Documents\Sites\West Branch Resort\corperate\trash.gif --> www.westbranchresort.com /var/www/html/corperate trash.gif
2004.06.15 10:53 B C:\Documents and Settings\Sam\My Documents\Sites\West Branch Resort\corperate\upgrade.php --> www.westbranchresort.com /var/www/html/corperate upgrade.php
2004.06.15 10:53 B C:\Documents and Settings\Sam\My Documents\Sites\West Branch Resort\corperate\user.php --> www.westbranchresort.com /var/www/html/corperate user.php
